ispLEVER Auto-Make Log File
---------------------------

Updating: Chip Report
Start to record tcl script...
Finished recording TCL script.

Starting: 'C:\ispLEVER_Classic2_0\ispcpld\bin\Synpwrap.exe -e address_decoder -target ispGAL -pro '

Copyright (c) 1991-2010 Lattice Semiconductor Corporation,  All rights reserved.
Version : 2.0.00.17.20.15

Done sucessfully with exit code 0.
#Build: Synplify Pro I-2014.03LC , Build 063R, May 27 2014
#install: C:\ispLEVER_Classic2_0\synpbase
#OS: Windows 7 6.1
#Hostname: ITK-D651

#Implementation: gal

$ Start of Compile
#Tue Sep 13 14:29:13 2016

Synopsys VHDL Compiler, version comp201403rcp1, Build 060R, built May 27 2014
@N|Running in 64-bit mode
Copyright (C) 1994-2014 Synopsys, Inc. This software and the associated documentation are proprietary to Synopsys, Inc. This software may only be used in accordance with the terms and conditions of a written license agreement with Synopsys, Inc.  All other use, reproduction, or distribution of this software is strictly prohibited.

@N: CD720 :"C:\ispLEVER_Classic2_0\synpbase\lib\vhd\std.vhd":123:18:123:21|Setting time resolution to ns
@N:"C:\users\nikolasn\documents\atmel studio\6.2\byggerngr1\gal\galdecode.vhd":6:7:6:21|Top entity is set to address_decoder.
File C:\users\nikolasn\documents\atmel studio\6.2\byggerngr1\galdecode.vhd changed - recompiling
VHDL syntax check successful!
File C:\users\nikolasn\documents\atmel studio\6.2\byggerngr1\galdecode.vhd changed - recompiling
@N: CD630 :"C:\users\nikolasn\documents\atmel studio\6.2\byggerngr1\gal\galdecode.vhd":6:7:6:21|Synthesizing work.address_decoder.behave 
Post processing for work.address_decoder.behave
@END

At c_vhdl Exit (Real Time elapsed 0h:00m:00s; CPU Time elapsed 0h:00m:00s; Memory used current: 68MB peak: 69MB)

Process took 0h:00m:01s realtime, 0h:00m:01s cputime
# Tue Sep 13 14:29:13 2016

###########################################################]
Synopsys Netlist Linker, version comp201403rcp1, Build 060R, built May 27 2014
@N|Running in 64-bit mode
File C:\users\nikolasn\documents\atmel studio\6.2\byggerngr1\synwork\address_decoder_comp.srs changed - recompiling

At syn_nfilter Exit (Real Time elapsed 0h:00m:00s; CPU Time elapsed 0h:00m:00s; Memory used current: 67MB peak: 68MB)

Process took 0h:00m:01s realtime, 0h:00m:01s cputime
# Tue Sep 13 14:29:15 2016

###########################################################]

Synplicity VHDL/Verilog HDL Synthesizer finished successfully

Done: completed successfully.

Starting: 'C:\ispLEVER_Classic2_0\ispcpld\bin\edif2blf.exe -edf "address_decoder.edi" -out "address_decoder.bl0" -err automake.err -log "address_decoder.log" -prj byggern1galselector -lib "C:\ispLEVER_Classic2_0\ispcpld/dat/mach.edn" -cvt YES -net_Vcc VCC -n...'

Starting EDIF2BLIF....
readEDIF ended normally.

Inspect circuit address_decoder
    Number of input ports   : 2
    Number of output ports  : 3
    Number of bidir ports   : 0
    Number of instances     : 10
    Number of nets          : 12

No design errors found in circuit address_decoder

WriteBLIF ended normally.

Done: completed successfully.

Starting: 'C:\ispLEVER_Classic2_0\ispcpld\bin\iblifopt.exe "address_decoder.bl0" -red bypin choose -collapse -pterms 8 -family -err automake.err -gui'

BLIFOPT  Open-ABEL Optimizer 
ispLEVER Classic 2.0 Copyright(C), 1992-2005, Lattice Semiconductor Corporation. All rights reserved
Portions Copyright(c), 1992-1999, Vantis Corporation
Portions Copyright(C), 1993-1998, Data I/O Corporation
Portions Copyright(C), 1997-1998, MINC Washington Corporation
Portions Copyright(C), Alan Phillips, Lancaster University Computer Centre 1992-1998
U.C. Berkeley, SIS Ver. 1.0, supported by Lattice Semiconductor Corp.
Reading Open-ABEL 2 file address_decoder.bl0...
Node a10_i has been collapsed.
Node a11_i has been collapsed.
Node a10_c has been collapsed.
Node adc_cs_c_0 has been collapsed.
Node a11_c has been collapsed.
Node adc_cs_c has been collapsed.
Node oled_cs_c has been collapsed.
Performing 'bypin choose' optimization...
Writing Open-ABEL 2 (BLIF) file address_decoder.bl1...

BLIFOPT complete - 0 errors, 0 warnings. Time: 1 seconds

Done: completed successfully.

Starting: 'C:\ispLEVER_Classic2_0\ispcpld\bin\iblflink.exe "address_decoder.bl1" -o "byggern1galselector.bl2" -omod address_decoder -family -err automake.err -gui'

BLIFLINK  Top-Down Design Linker
ispLEVER Classic 2.0 Copyright(C), 1992-2005, Lattice Semiconductor Corporation. All rights reserved
Portions Copyright(c), 1992-1999, Vantis Corporation
Portions Copyright(C), 1993-1998, Data I/O Corporation
Portions Copyright(C), 1997-1998, MINC Washington Corporation
Portions Copyright(C), Alan Phillips, Lancaster University Computer Centre 1992-1998

Top-level file: 'address_decoder.bl1'

Hierarchical BLIF: 'byggern1galselector.bl2'

BLIFLINK complete.  Time: 1 second 

Done: completed successfully.

Starting: 'C:\ispLEVER_Classic2_0\ispcpld\bin\iblifopt.exe byggern1galselector.bl2 -red bypin choose -sweep -collapse all -pterms 8 -err automake.err -gui'

BLIFOPT  Open-ABEL Optimizer 
ispLEVER Classic 2.0 Copyright(C), 1992-2005, Lattice Semiconductor Corporation. All rights reserved
Portions Copyright(c), 1992-1999, Vantis Corporation
Portions Copyright(C), 1993-1998, Data I/O Corporation
Portions Copyright(C), 1997-1998, MINC Washington Corporation
Portions Copyright(C), Alan Phillips, Lancaster University Computer Centre 1992-1998
U.C. Berkeley, SIS Ver. 1.0, supported by Lattice Semiconductor Corp.
Reading Open-ABEL 2 file byggern1galselector.bl2...
Performing 'bypin choose' optimization...
Writing Open-ABEL 2 (BLIF) file byggern1galselector.bl3...

BLIFOPT complete - 0 errors, 0 warnings. Time: 1 seconds

Done: completed successfully.

Starting: 'C:\ispLEVER_Classic2_0\ispcpld\bin\idiofft.exe byggern1galselector.bl3 -pla -o byggern1galselector.tt2 -dev p16v8 -define N -err automake.err -gui'

DIOFFT  Flip-Flop Transformation program
ispLEVER Classic 2.0 Copyright(C), 1992-2005, Lattice Semiconductor Corporation. All rights reserved
Portions Copyright(c), 1992-1999, Vantis Corporation
Portions Copyright(C), 1993-1998, Data I/O Corporation
Portions Copyright(C), 1997-1998, MINC Washington Corporation
Portions Copyright(C), Alan Phillips, Lancaster University Computer Centre 1992-1998
Input file: byggern1galselector.bl3.
Output file: byggern1galselector.tt2.
Cross reference file: byggern1galselector.xrf.

Shortening signal names...
Writing signal name cross reference file byggern1galselector.xrf... 

DIOFFT complete. - Time 0 seconds

Done: completed successfully.

Starting: 'C:\ispLEVER_Classic2_0\ispcpld\bin\fit.exe byggern1galselector.tt2 -dev p16v8 -str -err automake.err -gui'

FIT  Generic Device Fitter
ispLEVER Classic 2.0 Copyright(C), 1992-2005, Lattice Semiconductor Corporation. All rights reserved
Portions Copyright(c), 1992-1999, Vantis Corporation
Portions Copyright(C), 1993-1998, Data I/O Corporation
Portions Copyright(C), 1997-1998, MINC Washington Corporation
Portions Copyright(C), Alan Phillips, Lancaster University Computer Centre 1992-1998
Input file: 'byggern1galselector.tt2'
Device 'p16v8'
Note 4161: Using device architecture type P16V8AS.
Design FITS
Pin-assigned pla: 'byggern1galselector.tt3'

FIT complete.  Time: 1 second.

Done: completed successfully.

Starting: 'C:\ispLEVER_Classic2_0\ispcpld\bin\fuseasm.exe byggern1galselector.tt3 -dev p16v8 -o byggern1galselector.jed -ivec NoInput.tmv -rep byggern1galselector.rpt -doc brief -con ptblown -for brief -err automake.err -gui'

FUSEASM  Fusemap Assembler
ispLEVER Classic 2.0 Copyright(C), 1992-2005, Lattice Semiconductor Corporation. All rights reserved
Portions Copyright(c), 1992-1999, Vantis Corporation
Portions Copyright(C), 1993-1998, Data I/O Corporation
Portions Copyright(C), 1997-1998, MINC Washington Corporation
Portions Copyright(C), Alan Phillips, Lancaster University Computer Centre 1992-1998
Note 5144: Could not open vector file NoInput.tmv

Input file: 'byggern1galselector.tt3'
Device: 'P16V8AS'
Building model...
Choosing best polarities...
Mapping equations...
.
2 of 64 terms used; 0 vectors loaded
Programmer load file: 'byggern1galselector.jed'
Generating report...
Report file: 'byggern1galselector.rpt'

FUSEASM complete.  Time: 1 second 

Done: completed successfully.
