Running in Lattice mode


Starting:    C:\ispLEVER_Classic2_0\synpbase\win64\mbin\synbatch.exe
Install:     C:\ispLEVER_Classic2_0\synpbase
Date:        Tue Sep 13 14:29:13 2016
Version:     I-2014.03LC 

Arguments:   -product synplify_pro  -batch c:/users/nikolasn/documents/atmel studio/6.2/byggerngr1/gal\address_decoder.prj
ProductType: synplify_pro





log file: "C:\users\nikolasn\documents\atmel studio\6.2\byggerngr1\gal\address_decoder.srr"

Running address_decoder|gal

Running: Compile on address_decoder|gal

Running: Compile Process on address_decoder|gal

Running: Compile Input on address_decoder|gal
Copied C:\users\nikolasn\documents\atmel studio\6.2\byggerngr1\gal\synwork\address_decoder_comp.srs to C:\users\nikolasn\documents\atmel studio\6.2\byggerngr1\gal\address_decoder.srs
compiler Completed
Return Code: 0
Run Time:0h:00m:01s

Running: Multi-srs Generator on address_decoder|gal
Copied C:\users\nikolasn\documents\atmel studio\6.2\byggerngr1\gal\synwork\address_decoder_comp.srs to C:\users\nikolasn\documents\atmel studio\6.2\byggerngr1\gal\synwork\address_decoder_s.srs
multi_srs_gen Completed
Return Code: 0
Run Time:0h:00m:01s
Copied C:\users\nikolasn\documents\atmel studio\6.2\byggerngr1\gal\synwork\address_decoder_mult.srs to C:\users\nikolasn\documents\atmel studio\6.2\byggerngr1\gal\address_decoder.srs
Copied C:\users\nikolasn\documents\atmel studio\6.2\byggerngr1\gal\address_decoder.srr to C:\users\nikolasn\documents\atmel studio\6.2\byggerngr1\gal\address_decoder.srf
Complete: Compile Process on address_decoder|gal
Complete: Compile on address_decoder|gal

Running: Map on address_decoder|gal

Running: Map & Optimize on address_decoder|gal
fpga_mapper Completed
Return Code: 0
Run Time:0h:00m:00s
Complete: Map on address_decoder|gal
Complete: Logic Synthesis on address_decoder|gal

exit status=0

exit status=0

